Moving Data Service holds the following connetion plan: 
MST: BREST-PARIS-CAEN-RENNES-NANTES-CALAIS
Total connection cost : 748

Tele Comm holds the following connetion plan: 
MST: BREST-PARIS-CAEN-RENNES-NANTES-CALAIS
Total connection cost : 748

Data Comm holds the following connetion plan: 
MST: BREST-RENNES-NANTES-CALAIS-CAEN-PARIS
Total connection cost : 890

KT Comm holds the following connetion plan: 
MST: BREST-RENNES-NANTES-CALAIS-CAEN-PARIS
Total connection cost : 890

<< Link rental fail Company List >> 


Total amount of lease for this year : 3500
Total amount of connetion cost for this year : 3276
Moving Data Service holds the following connetion plan: 
MST: BREST-PARIS-CAEN-RENNES-NANTES-CALAIS
Total connection cost : 748

Tele Comm holds the following connetion plan: 
MST: BREST-PARIS-CAEN-RENNES-NANTES-CALAIS
Total connection cost : 748

Data Comm holds the following connetion plan: 
MST: BREST-RENNES-NANTES-CALAIS-CAEN-PARIS
Total connection cost : 890

KT Comm holds the following connetion plan: 
MST: BREST-RENNES-NANTES-CALAIS-CAEN-PARIS
Total connection cost : 890

<< Link rental fail Company List >> 


Total amount of lease for this year : 3500
Total amount of connetion cost for this year : 3276
Moving Data Service holds the following connetion plan: 
MST: BREST-PARIS-CAEN-RENNES-NANTES-CALAIS
Total connection cost : 748

Tele Comm holds the following connetion plan: 
MST: BREST-PARIS-CAEN-RENNES-NANTES-CALAIS
Total connection cost : 748

Data Comm holds the following connetion plan: 
MST: BREST-RENNES-NANTES-CALAIS-CAEN-PARIS
Total connection cost : 890

KT Comm holds the following connetion plan: 
MST: BREST-RENNES-NANTES-CALAIS-CAEN-PARIS
Total connection cost : 890

<< Link rental fail Company List >> 


Total amount of lease for this year : 3500
Total amount of connetion cost for this year : 3276
